{
  "RSpec": {
    "coverage": {
      "/Users/mikita_nazarau/sp/sp/spec/allviews_spec.rb": [
        null,
        null,
        1,
        1,
        null,
        null,
        1,
        1,
        2,
        2,
        1,
        1,
        null,
        null,
        null,
        1,
        1,
        null,
        null,
        null
      ],
      "/Users/mikita_nazarau/sp/sp/app/log_parse.rb": [
        null,
        null,
        null,
        1,
        1,
        1,
        null,
        1,
        3,
        21,
        null,
        null,
        1,
        3,
        3,
        27,
        27,
        null,
        3,
        null,
        null
      ],
      "/Users/mikita_nazarau/sp/sp/app/all_views.rb": [
        null,
        null,
        1,
        null,
        1,
        1,
        null,
        1,
        1,
        null,
        null,
        1,
        1,
        1,
        7,
        1,
        null,
        null
      ],
      "/Users/mikita_nazarau/sp/sp/app/sort.rb": [
        null,
        null,
        null,
        1,
        1,
        null,
        1,
        3,
        null,
        null,
        1,
        39,
        null,
        null
      ],
      "/Users/mikita_nazarau/sp/sp/spec/logparse_spec.rb": [
        null,
        null,
        1,
        null,
        null,
        1,
        1,
        2,
        1,
        null,
        null,
        1,
        null,
        null,
        1,
        1,
        null,
        null,
        null
      ],
      "/Users/mikita_nazarau/sp/sp/spec/sort_spec.rb": [
        null,
        null,
        1,
        1,
        null,
        null,
        1,
        1,
        1,
        null,
        1,
        null,
        1,
        1,
        null,
        null,
        null,
        1,
        1,
        null,
        null,
        null
      ],
      "/Users/mikita_nazarau/sp/sp/spec/uniqviews_spec.rb": [
        null,
        null,
        1,
        1,
        null,
        null,
        1,
        1,
        2,
        2,
        1,
        1,
        null,
        null,
        null,
        null,
        1,
        1,
        null,
        null,
        null
      ],
      "/Users/mikita_nazarau/sp/sp/app/uniq_views.rb": [
        null,
        null,
        1,
        null,
        1,
        1,
        null,
        1,
        1,
        null,
        null,
        1,
        1,
        1,
        7,
        1,
        null,
        null
      ]
    },
    "timestamp": 1571401152
  }
}
